<?xml version="1.0" encoding="UTF-8"?>
<!-- Generated by org.testng.reporters.JUnitReportReporter -->
<testsuite hostname="SHREE-LAPTOP" name="com.Banking.LoginTest" tests="1" failures="0" timestamp="18 Oct 2020 17:57:13 GMT" time="18.129" errors="0">
  <testcase name="logintest" time="18.129" classname="com.Banking.LoginTest"/>
</testsuite> <!-- com.Banking.LoginTest -->
