<?xml version="1.0" encoding="UTF-8"?>
<!-- Generated by org.testng.reporters.JUnitReportReporter -->
<testsuite hostname="SHREE-LAPTOP" name="com.Banking.Testcases.LoginTest" tests="2" failures="0" timestamp="30 Oct 2020 07:44:18 GMT" time="137.202" errors="0">
  <testcase name="contact_us" time="72.387" classname="com.Banking.Testcases.LoginTest"/>
  <testcase name="logintest" time="64.815" classname="com.Banking.Testcases.LoginTest"/>
</testsuite> <!-- com.Banking.Testcases.LoginTest -->
