<?xml version="1.0" encoding="UTF-8"?>
<!-- Generated by org.testng.reporters.JUnitReportReporter -->
<testsuite hostname="SHREE-LAPTOP" name="com.Banking.BaseTest" tests="1" failures="0" timestamp="18 Oct 2020 06:52:21 GMT" time="4.702" errors="0">
  <testcase name="initialize" time="4.702" classname="com.Banking.BaseTest"/>
</testsuite> <!-- com.Banking.BaseTest -->
