<?xml version="1.0" encoding="UTF-8"?>
<!-- Generated by org.testng.reporters.JUnitReportReporter -->
<testsuite hostname="SHREE-LAPTOP" name="com.Banking.Testcases.LoginTest" tests="2" failures="0" timestamp="10 Jan 2021 03:44:17 GMT" time="67.625" errors="0">
  <testcase name="contact_us" time="12.334" classname="com.Banking.Testcases.LoginTest"/>
  <testcase name="login" time="55.291" classname="com.Banking.Testcases.LoginTest"/>
</testsuite> <!-- com.Banking.Testcases.LoginTest -->
