<?xml version="1.0" encoding="UTF-8"?>
<!-- Generated by org.testng.reporters.JUnitReportReporter -->
<testsuite hostname="SHREE-LAPTOP" name="com.Banking.Testcases.LoginTest" tests="2" failures="0" timestamp="24 Oct 2020 15:20:02 GMT" time="126.128" errors="0">
  <testcase name="contact_us" time="56.559" classname="com.Banking.Testcases.LoginTest"/>
  <testcase name="logintest" time="69.569" classname="com.Banking.Testcases.LoginTest"/>
</testsuite> <!-- com.Banking.Testcases.LoginTest -->
